<?xml version="1.0" encoding="UTF-8" ?>
<testsuite tests="1" failures="0" name="com.iankoulski.algorithms.sort.AppTest" time="0.063" errors="0" skipped="0">
  <properties>
    <property name="java.runtime.name" value="Java(TM) SE Runtime Environment"/>
    <property name="sun.boot.library.path" value="C:\apps\java\jdk\64\jdk1.8.0_66\jre\bin"/>
    <property name="java.vm.version" value="25.66-b18"/>
    <property name="java.vm.vendor" value="Oracle Corporation"/>
    <property name="maven.multiModuleProjectDirectory" value="C:/Alex/wd/java-cs/computer-science"/>
    <property name="java.vendor.url" value="http://java.oracle.com/"/>
    <property name="path.separator" value=";"/>
    <property name="guice.disable.misplaced.annotation.check" value="true"/>
    <property name="java.vm.name" value="Java HotSpot(TM) 64-Bit Server VM"/>
    <property name="file.encoding.pkg" value="sun.io"/>
    <property name="user.script" value=""/>
    <property name="user.country" value="US"/>
    <property name="sun.java.launcher" value="SUN_STANDARD"/>
    <property name="sun.os.patch.level" value="Service Pack 1"/>
    <property name="java.vm.specification.name" value="Java Virtual Machine Specification"/>
    <property name="user.dir" value="C:\Alex\wd\java-cs\computer-science"/>
    <property name="java.runtime.version" value="1.8.0_66-b18"/>
    <property name="java.awt.graphicsenv" value="sun.awt.Win32GraphicsEnvironment"/>
    <property name="java.endorsed.dirs" value="C:\apps\java\jdk\64\jdk1.8.0_66\jre\lib\endorsed"/>
    <property name="os.arch" value="amd64"/>
    <property name="java.io.tmpdir" value="C:\Users\200018~1\AppData\Local\Temp\"/>
    <property name="line.separator" value="
"/>
    <property name="java.vm.specification.vendor" value="Oracle Corporation"/>
    <property name="user.variant" value=""/>
    <property name="os.name" value="Windows 7"/>
    <property name="classworlds.conf" value="C:/apps/java/maven/apache-maven-3.3.9/bin/m2.conf"/>
    <property name="sun.jnu.encoding" value="Cp1252"/>
    <property name="java.library.path" value="C:\apps\java\jdk\64\jdk1.8.0_66\bin;C:\Windows\Sun\Java\bin;C:\Windows\system32;C:\Windows;C:\Users\200018807\bin;C:\Program Files\Git\mingw64\bin;C:\Program Files\Git\usr\local\bin;C:\Program Files\Git\usr\bin;C:\Program Files\Git\usr\bin;C:\Program Files\Git\mingw64\bin;C:\Program Files\Git\usr\bin;C:\Users\200018807\bin;C:\Program Files (x86)\CA\SC\CAWIN;C:\ProgramData\Oracle\Java\javapath;C:\apps\java\jdk\64\jdk1.8.0_66\bin;C:\apps\ruby\RailsInstaller\Ruby2.1.0\bin;C:\apps\ruby\Ruby22-x64\bin;C:\apps\Perl_5_14_2\bin;C:\db\oraclexe\app\oracle\product\11.2.0\server\bin;C:\cygwin\bin;C:\Python27\Lib\site-packages\PyQt4;C:\Windows\system32;C:\Windows;C:\Windows\System32\Wbem;C:\Windows\System32\WindowsPowerShell\v1.0;C:\Program Files (x86)\Bitvise SSH Client;C:\Python27;C:\Python27\DLLs;C:\Python27\Scripts;C:\Python27\gnuplot\binary;C:\Program Files (x86)\pythonxy\SciTE-3.3.2-3;C:\Program Files (x86)\pythonxy\console;C:\MinGW32-xy\bin;C:\Program Files\TortoiseSVN\bin;C:\apps\java\maven\apache-maven-3.3.9\bin;C:\js\nodejs;C:\apps\dsp\1.5\play-2.1.3;C:\db\mongodb\mongodb-win32-x86_64-2008plus-2.6.1\bin;C:\apps\pez;C:\apps\perl\bin;C:\apps\pez\bin;C:\Program Files (x86)\QuickTime\QTSystem;C:\apps\latex\MiKTeX 2.9\miktex\bin\x64;C:\apps\dsp\14.3\predix-experience\activator\1.2.10;C:\Program Files (x86)\Notepad++;C:\Program Files\TortoiseGit\bin;C:\Program Files (x86)\ActivIdentity\ActivClient;C:\Program Files\ActivIdentity\ActivClient;C:\Program Files (x86)\CloudFoundry;C:\Program Files (x86)\Brackets\command;C:\apps\java\gradle-2.6\bin;C:\Program Files\Docker Toolbox;C:\Program Files\Git\cmd;C:\Program Files\Git\mingw64\bin;C:\Program Files\Git\usr\bin;C:\Program Files\OpenVPN\bin;C:\Program Files (x86)\CA\SC\Csam\SockAdapter\bin;C:\Program Files (x86)\CA\DSM\bin;C:\Program Files (x86)\CA\SC\CBB;C:\PROGRA~2\CA\SC\CAM\bin;C:\Users\200018807\AppData\Roaming\npm;C:\Program Files\Boot2Docker for Windows;C:\Users\200018807\AppData\Local\atom\bin;C:\Users\200018807\AppData\Local\Box\Box Edit;C:\Program Files\Git\usr\bin\vendor_perl;C:\Program Files\Git\usr\bin\core_perl;."/>
    <property name="java.specification.name" value="Java Platform API Specification"/>
    <property name="java.class.version" value="52.0"/>
    <property name="sun.management.compiler" value="HotSpot 64-Bit Tiered Compilers"/>
    <property name="os.version" value="6.1"/>
    <property name="user.home" value="C:\Users\200018807"/>
    <property name="user.timezone" value="America/New_York"/>
    <property name="java.awt.printerjob" value="sun.awt.windows.WPrinterJob"/>
    <property name="java.specification.version" value="1.8"/>
    <property name="file.encoding" value="Cp1252"/>
    <property name="user.name" value="200018807"/>
    <property name="java.class.path" value="C:/apps/java/maven/apache-maven-3.3.9/boot/plexus-classworlds-2.5.2.jar"/>
    <property name="java.vm.specification.version" value="1.8"/>
    <property name="sun.arch.data.model" value="64"/>
    <property name="java.home" value="C:\apps\java\jdk\64\jdk1.8.0_66\jre"/>
    <property name="sun.java.command" value="org.codehaus.plexus.classworlds.launcher.Launcher install"/>
    <property name="java.specification.vendor" value="Oracle Corporation"/>
    <property name="user.language" value="en"/>
    <property name="awt.toolkit" value="sun.awt.windows.WToolkit"/>
    <property name="java.vm.info" value="mixed mode"/>
    <property name="java.version" value="1.8.0_66"/>
    <property name="java.ext.dirs" value="C:\apps\java\jdk\64\jdk1.8.0_66\jre\lib\ext;C:\Windows\Sun\Java\lib\ext"/>
    <property name="sun.boot.class.path" value="C:\apps\java\jdk\64\jdk1.8.0_66\jre\lib\resources.jar;C:\apps\java\jdk\64\jdk1.8.0_66\jre\lib\rt.jar;C:\apps\java\jdk\64\jdk1.8.0_66\jre\lib\sunrsasign.jar;C:\apps\java\jdk\64\jdk1.8.0_66\jre\lib\jsse.jar;C:\apps\java\jdk\64\jdk1.8.0_66\jre\lib\jce.jar;C:\apps\java\jdk\64\jdk1.8.0_66\jre\lib\charsets.jar;C:\apps\java\jdk\64\jdk1.8.0_66\jre\lib\jfr.jar;C:\apps\java\jdk\64\jdk1.8.0_66\jre\classes"/>
    <property name="java.vendor" value="Oracle Corporation"/>
    <property name="maven.home" value="C:\apps\java\maven\apache-maven-3.3.9"/>
    <property name="file.separator" value="\"/>
    <property name="java.vendor.url.bug" value="http://bugreport.sun.com/bugreport/"/>
    <property name="sun.cpu.endian" value="little"/>
    <property name="sun.io.unicode.encoding" value="UnicodeLittle"/>
    <property name="sun.desktop" value="windows"/>
    <property name="sun.cpu.isalist" value="amd64"/>
  </properties>
  <testcase classname="com.iankoulski.algorithms.sort.AppTest" name="testApp" time="0.063"/>
</testsuite>